1: int x;
2: 
3: int f( ) 
4: {
5: 	x = 1;
6: 	x = 1+x;
7: }
** Global Variables **
f, int, function, param = <void>
printInt, void, function, param = int
printLn, void, function, param = <void>
printStr, void, function, param = String
x, int
** Local Variables in f() **
f, int, function, param = <void>
printInt, void, function, param = int
printLn, void, function, param = <void>
printStr, void, function, param = String
x, int
TREE_PROC: f
{
    TREE_INSTR: x = 1
    TREE_INSTR: x = (1 PLUS x)
}
END_PROC

