8: 
9: int x;
10: 
11: int f( ) 
12: {
13: 	int y;
14: 
15: 	x = 1;
16: 	y = x + 2;
ERROR(17) requires boolean
17: 	if (x) 
18: 	{
19: 		y = 3;
20: 	}
21: }
** Global Variables **
f, int, function, param = <void>
printInt, void, function, param = int
printLn, void, function, param = <void>
printStr, void, function, param = String
x, int
y, int
** Local Variables in f() **
f, int, function, param = <void>
printInt, void, function, param = int
printLn, void, function, param = <void>
printStr, void, function, param = String
x, int
y, int
TREE_PROC: f
{
    TREE_INSTR: x = 1
    TREE_INSTR: y = (x PLUS 2)
  TREE_IF: CONDITION: x
{
    TREE_INSTR: y = 3
}
  END_IF 
}
END_PROC

